#
# A fatal error has been detected by the Java Runtime Environment:
#
#  EXCEPTION_ACCESS_VIOLATION (0xc0000005) at pc=0xffffffff9e928280, pid=1400, tid=7288
#
# JRE version: Java(TM) SE Runtime Environment (10.0.2+13) (build 10.0.2+13)
# Java VM: Java HotSpot(TM) 64-Bit Server VM (10.0.2+13, mixed mode, tiered, compressed oops, g1 gc, windows-amd64)
# Problematic frame:
# C  0xffffffff9e928280
#
# No core dump will be written. Minidumps are not enabled by default on client versions of Windows
#
# If you would like to submit a bug report, please visit:
#   http://bugreport.java.com/bugreport/crash.jsp
#

---------------  S U M M A R Y ------------

Command Line: -javaagent:C:\Program Files\JetBrains\IntelliJ IDEA Community Edition 2018.2.5\lib\idea_rt.jar=55056:C:\Program Files\JetBrains\IntelliJ IDEA Community Edition 2018.2.5\bin -Dfile.encoding=UTF-8 ua.edu.sumdu.ta.yarmolenko.pr8_2.tests.RestTest

Host: Pentium(R) Dual-Core  CPU      E6700  @ 3.20GHz, 2 cores, 3G,  Windows 7 , 64 bit Build 7601 (6.1.7601.24291)
Time: Wed Dec 05 00:09:29 2018 Oeieyiaey (ceia) elapsed time: 0 seconds (0d 0h 0m 0s)

---------------  T H R E A D  ---------------

Current thread (0x000000000035b000):  JavaThread "main" [_thread_in_Java, id=7288, stack(0x00000000022a0000,0x00000000023a0000)]

Stack: [0x00000000022a0000,0x00000000023a0000],  sp=0x000000000239a748,  free space=1001k
Native frames: (J=compiled Java code, j=interpreted, Vv=VM code, C=native code)
C  0xffffffff9e928280


siginfo: EXCEPTION_ACCESS_VIOLATION (0xc0000005), data execution prevention violation at address 0xffffffff9e928280


Register to memory mapping:

RIP=0xffffffff9e928280 is an unknown value
RAX=0x000000008001dfb0 is pointing into metadata
RBX=0x0000000000000007 is an unknown value
RCX=0x0000000000000010 is an unknown value
RDX=0x00000000c5d2f728 is an oop
java.lang.CharacterDataLatin1 
{0x00000000c5d2f728} - klass: 'java/lang/CharacterDataLatin1'
RSP=0x000000000239a748 is pointing into the stack for thread: 0x000000000035b000
RBP=0x000000000239a8f8 is pointing into the stack for thread: 0x000000000035b000
RSI=0x0000000000000039 is an unknown value
RDI=0x0000000000010cc8 is an unknown value
R8 =0x0000000000000039 is an unknown value
R9 =0x0000000000000010 is an unknown value
R10=0x000000008001dfb0 is pointing into metadata
R11=0x0000000000000001 is an unknown value
R12=0x0000000000000000 is an unknown value
R13=0x00000000221ac1f0 is pointing into metadata
R14=0x0000000000000158 is an unknown value
R15=0x000000000035b000 is a thread


Registers:
RAX=0x000000008001dfb0, RBX=0x0000000000000007, RCX=0x0000000000000010, RDX=0x00000000c5d2f728
RSP=0x000000000239a748, RBP=0x000000000239a8f8, RSI=0x0000000000000039, RDI=0x0000000000010cc8
R8 =0x0000000000000039, R9 =0x0000000000000010, R10=0x000000008001dfb0, R11=0x0000000000000001
R12=0x0000000000000000, R13=0x00000000221ac1f0, R14=0x0000000000000158, R15=0x000000000035b000
RIP=0xffffffff9e928280, EFLAGS=0x0000000000010246

Top of Stack: (sp=0x000000000239a748)
0x000000000239a748:   000000000dfaa154 00000000c5d04960
0x000000000239a758:   00000000220213e8 0000000000000000
0x000000000239a768:   000000000239a788 000000000239a7e0
0x000000000239a778:   000000000d929b00 000000000000001e
0x000000000239a788:   0000000080000000 0000000000000020
0x000000000239a798:   000000000239a798 00000000226bd083
0x000000000239a7a8:   000000000000001c 00000000226c4050
0x000000000239a7b8:   0000000000000000 00000000c571e140
0x000000000239a7c8:   00000000226bd0a0 000000000239a8f8
0x000000000239a7d8:   000000000dee8c24 000000000035b000
0x000000000239a7e8:   0000000600000010 000000007fff0b40
0x000000000239a7f8:   0000000700000010 000000000239a988
0x000000000239a808:   000000005293bde3 000000000035b000
0x000000000239a818:   0000000052414787 00000000c571e068
0x000000000239a828:   0000000080000001 00000000c571e128
0x000000000239a838:   f800000180000001 0000000000000006 

Instructions: (pc=0xffffffff9e928280)
0xffffffff9e928260:   
[error occurred during error reporting (printing registers, top of stack, instructions near pc), id 0xc0000005]


---------------  P R O C E S S  ---------------

Threads class SMR info:
_java_thread_list=0x0000000023476940, length=11, elements={
0x000000000035b000, 0x00000000227ae000, 0x00000000227af000, 0x00000000227c9800,
0x00000000227ca800, 0x00000000227cb800, 0x00000000227ce800, 0x00000000227ec800,
0x000000002291e800, 0x00000000234b6800, 0x00000000234b5000
}

Java Threads: ( => current thread )
=>0x000000000035b000 JavaThread "main" [_thread_in_Java, id=7288, stack(0x00000000022a0000,0x00000000023a0000)]
  0x00000000227ae000 JavaThread "Reference Handler" daemon [_thread_blocked, id=7372, stack(0x0000000021b10000,0x0000000021c10000)]
  0x00000000227af000 JavaThread "Finalizer" daemon [_thread_blocked, id=6004, stack(0x0000000022ab0000,0x0000000022bb0000)]
  0x00000000227c9800 JavaThread "Signal Dispatcher" daemon [_thread_blocked, id=5212, stack(0x0000000022c90000,0x0000000022d90000)]
  0x00000000227ca800 JavaThread "Attach Listener" daemon [_thread_blocked, id=4896, stack(0x0000000022e20000,0x0000000022f20000)]
  0x00000000227cb800 JavaThread "C2 CompilerThread0" daemon [_thread_blocked, id=6784, stack(0x0000000022f70000,0x0000000023070000)]
  0x00000000227ce800 JavaThread "C1 CompilerThread1" daemon [_thread_blocked, id=5088, stack(0x0000000023180000,0x0000000023280000)]
  0x00000000227ec800 JavaThread "Sweeper thread" daemon [_thread_blocked, id=4908, stack(0x0000000023080000,0x0000000023180000)]
  0x000000002291e800 JavaThread "Common-Cleaner" daemon [_thread_blocked, id=5672, stack(0x00000000236d0000,0x00000000237d0000)]
  0x00000000234b6800 JavaThread "Monitor Ctrl-Break" daemon [_thread_in_native, id=6904, stack(0x0000000023900000,0x0000000023a00000)]
  0x00000000234b5000 JavaThread "Service Thread" daemon [_thread_blocked, id=3836, stack(0x0000000023b10000,0x0000000023c10000)]

Other Threads:
  0x00000000227aa000 VMThread "VM Thread" [stack: 0x00000000229a0000,0x0000000022aa0000] [id=7332]
  0x00000000234c3000 WatcherThread [stack: 0x0000000023c80000,0x0000000023d80000] [id=5616]
  0x0000000000375000 GCTaskThread "GC Thread#0" [stack: 0x000000001cbe0000,0x000000001cce0000] [id=4472]
  0x0000000000376000 GCTaskThread "GC Thread#1" [stack: 0x000000001cd90000,0x000000001ce90000] [id=336]
  0x00000000003b0800 ConcurrentGCThread "G1 Main Marker" [stack: 0x000000001f580000,0x000000001f680000] [id=6640]
  0x00000000003b2000 ConcurrentGCThread "G1 Conc#0" [stack: 0x000000001f7b0000,0x000000001f8b0000] [id=6936]
  0x00000000003f2000 ConcurrentGCThread "G1 Refine#0" [stack: 0x00000000219c0000,0x0000000021ac0000] [id=5940]
  0x00000000003f3000 ConcurrentGCThread "G1 Refine#1" [stack: 0x0000000021c70000,0x0000000021d70000] [id=4260]
  0x00000000003f4800 ConcurrentGCThread "G1 Young RemSet Sampling" [stack: 0x0000000021e20000,0x0000000021f20000] [id=4436]

Threads with active compile tasks:

VM state:not at safepoint (normal execution)

VM Mutex/Monitor currently owned by a thread: None

Heap address: 0x00000000c2000000, size: 992 MB, Compressed Oops mode: 32-bit
Narrow klass base: 0x0000000000000000, Narrow klass shift: 0
Compressed class space size: 1073741824 Address: 0x000000007fff0000

Heap:
 garbage-first heap   total 63488K, used 6144K [0x00000000c2000000, 0x0000000100000000)
  region size 1024K, 7 young (7168K), 0 survivors (0K)
 Metaspace       used 8622K, capacity 8742K, committed 9088K, reserved 1056768K
  class space    used 763K, capacity 792K, committed 896K, reserved 1048576K
Heap Regions: E=young(eden), S=young(survivor), O=old, HS=humongous(starts), HC=humongous(continues), CS=collection set, F=free, A=archive, TS=gc time stamp, AC=allocation context, TAMS=top-at-mark-start (previous, next)
|   0|0x00000000c2000000, 0x00000000c2000000, 0x00000000c2100000|  0%| F|  |TS  0|AC  0|TAMS 0x00000000c2000000, 0x00000000c2000000|
|   1|0x00000000c2100000, 0x00000000c2100000, 0x00000000c2200000|  0%| F|  |TS  0|AC  0|TAMS 0x00000000c2100000, 0x00000000c2100000|
|   2|0x00000000c2200000, 0x00000000c2200000, 0x00000000c2300000|  0%| F|  |TS  0|AC  0|TAMS 0x00000000c2200000, 0x00000000c2200000|
|   3|0x00000000c2300000, 0x00000000c2300000, 0x00000000c2400000|  0%| F|  |TS  0|AC  0|TAMS 0x00000000c2300000, 0x00000000c2300000|
|   4|0x00000000c2400000, 0x00000000c2400000, 0x00000000c2500000|  0%| F|  |TS  0|AC  0|TAMS 0x00000000c2400000, 0x00000000c2400000|
|   5|0x00000000c2500000, 0x00000000c2500000, 0x00000000c2600000|  0%| F|  |TS  0|AC  0|TAMS 0x00000000c2500000, 0x00000000c2500000|
|   6|0x00000000c2600000, 0x00000000c2600000, 0x00000000c2700000|  0%| F|  |TS  0|AC  0|TAMS 0x00000000c2600000, 0x00000000c2600000|
|   7|0x00000000c2700000, 0x00000000c2700000, 0x00000000c2800000|  0%| F|  |TS  0|AC  0|TAMS 0x00000000c2700000, 0x00000000c2700000|
|   8|0x00000000c2800000, 0x00000000c2800000, 0x00000000c2900000|  0%| F|  |TS  0|AC  0|TAMS 0x00000000c2800000, 0x00000000c2800000|
|   9|0x00000000c2900000, 0x00000000c2900000, 0x00000000c2a00000|  0%| F|  |TS  0|AC  0|TAMS 0x00000000c2900000, 0x00000000c2900000|
|  10|0x00000000c2a00000, 0x00000000c2a00000, 0x00000000c2b00000|  0%| F|  |TS  0|AC  0|TAMS 0x00000000c2a00000, 0x00000000c2a00000|
|  11|0x00000000c2b00000, 0x00000000c2b00000, 0x00000000c2c00000|  0%| F|  |TS  0|AC  0|TAMS 0x00000000c2b00000, 0x00000000c2b00000|
|  12|0x00000000c2c00000, 0x00000000c2c00000, 0x00000000c2d00000|  0%| F|  |TS  0|AC  0|TAMS 0x00000000c2c00000, 0x00000000c2c00000|
|  13|0x00000000c2d00000, 0x00000000c2d00000, 0x00000000c2e00000|  0%| F|  |TS  0|AC  0|TAMS 0x00000000c2d00000, 0x00000000c2d00000|
|  14|0x00000000c2e00000, 0x00000000c2e00000, 0x00000000c2f00000|  0%| F|  |TS  0|AC  0|TAMS 0x00000000c2e00000, 0x00000000c2e00000|
|  15|0x00000000c2f00000, 0x00000000c2f00000, 0x00000000c3000000|  0%| F|  |TS  0|AC  0|TAMS 0x00000000c2f00000, 0x00000000c2f00000|
|  16|0x00000000c3000000, 0x00000000c3000000, 0x00000000c3100000|  0%| F|  |TS  0|AC  0|TAMS 0x00000000c3000000, 0x00000000c3000000|
|  17|0x00000000c3100000, 0x00000000c3100000, 0x00000000c3200000|  0%| F|  |TS  0|AC  0|TAMS 0x00000000c3100000, 0x00000000c3100000|
|  18|0x00000000c3200000, 0x00000000c3200000, 0x00000000c3300000|  0%| F|  |TS  0|AC  0|TAMS 0x00000000c3200000, 0x00000000c3200000|
|  19|0x00000000c3300000, 0x00000000c3300000, 0x00000000c3400000|  0%| F|  |TS  0|AC  0|TAMS 0x00000000c3300000, 0x00000000c3300000|
|  20|0x00000000c3400000, 0x00000000c3400000, 0x00000000c3500000|  0%| F|  |TS  0|AC  0|TAMS 0x00000000c3400000, 0x00000000c3400000|
|  21|0x00000000c3500000, 0x00000000c3500000, 0x00000000c3600000|  0%| F|  |TS  0|AC  0|TAMS 0x00000000c3500000, 0x00000000c3500000|
|  22|0x00000000c3600000, 0x00000000c3600000, 0x00000000c3700000|  0%| F|  |TS  0|AC  0|TAMS 0x00000000c3600000, 0x00000000c3600000|
|  23|0x00000000c3700000, 0x00000000c3700000, 0x00000000c3800000|  0%| F|  |TS  0|AC  0|TAMS 0x00000000c3700000, 0x00000000c3700000|
|  24|0x00000000c3800000, 0x00000000c3800000, 0x00000000c3900000|  0%| F|  |TS  0|AC  0|TAMS 0x00000000c3800000, 0x00000000c3800000|
|  25|0x00000000c3900000, 0x00000000c3900000, 0x00000000c3a00000|  0%| F|  |TS  0|AC  0|TAMS 0x00000000c3900000, 0x00000000c3900000|
|  26|0x00000000c3a00000, 0x00000000c3a00000, 0x00000000c3b00000|  0%| F|  |TS  0|AC  0|TAMS 0x00000000c3a00000, 0x00000000c3a00000|
|  27|0x00000000c3b00000, 0x00000000c3b00000, 0x00000000c3c00000|  0%| F|  |TS  0|AC  0|TAMS 0x00000000c3b00000, 0x00000000c3b00000|
|  28|0x00000000c3c00000, 0x00000000c3c00000, 0x00000000c3d00000|  0%| F|  |TS  0|AC  0|TAMS 0x00000000c3c00000, 0x00000000c3c00000|
|  29|0x00000000c3d00000, 0x00000000c3d00000, 0x00000000c3e00000|  0%| F|  |TS  0|AC  0|TAMS 0x00000000c3d00000, 0x00000000c3d00000|
|  30|0x00000000c3e00000, 0x00000000c3e00000, 0x00000000c3f00000|  0%| F|  |TS  0|AC  0|TAMS 0x00000000c3e00000, 0x00000000c3e00000|
|  31|0x00000000c3f00000, 0x00000000c3f00000, 0x00000000c4000000|  0%| F|  |TS  0|AC  0|TAMS 0x00000000c3f00000, 0x00000000c3f00000|
|  32|0x00000000c4000000, 0x00000000c4000000, 0x00000000c4100000|  0%| F|  |TS  0|AC  0|TAMS 0x00000000c4000000, 0x00000000c4000000|
|  33|0x00000000c4100000, 0x00000000c4100000, 0x00000000c4200000|  0%| F|  |TS  0|AC  0|TAMS 0x00000000c4100000, 0x00000000c4100000|
|  34|0x00000000c4200000, 0x00000000c4200000, 0x00000000c4300000|  0%| F|  |TS  0|AC  0|TAMS 0x00000000c4200000, 0x00000000c4200000|
|  35|0x00000000c4300000, 0x00000000c4300000, 0x00000000c4400000|  0%| F|  |TS  0|AC  0|TAMS 0x00000000c4300000, 0x00000000c4300000|
|  36|0x00000000c4400000, 0x00000000c4400000, 0x00000000c4500000|  0%| F|  |TS  0|AC  0|TAMS 0x00000000c4400000, 0x00000000c4400000|
|  37|0x00000000c4500000, 0x00000000c4500000, 0x00000000c4600000|  0%| F|  |TS  0|AC  0|TAMS 0x00000000c4500000, 0x00000000c4500000|
|  38|0x00000000c4600000, 0x00000000c4600000, 0x00000000c4700000|  0%| F|  |TS  0|AC  0|TAMS 0x00000000c4600000, 0x00000000c4600000|
|  39|0x00000000c4700000, 0x00000000c4700000, 0x00000000c4800000|  0%| F|  |TS  0|AC  0|TAMS 0x00000000c4700000, 0x00000000c4700000|
|  40|0x00000000c4800000, 0x00000000c4800000, 0x00000000c4900000|  0%| F|  |TS  0|AC  0|TAMS 0x00000000c4800000, 0x00000000c4800000|
|  41|0x00000000c4900000, 0x00000000c4900000, 0x00000000c4a00000|  0%| F|  |TS  0|AC  0|TAMS 0x00000000c4900000, 0x00000000c4900000|
|  42|0x00000000c4a00000, 0x00000000c4a00000, 0x00000000c4b00000|  0%| F|  |TS  0|AC  0|TAMS 0x00000000c4a00000, 0x00000000c4a00000|
|  43|0x00000000c4b00000, 0x00000000c4b00000, 0x00000000c4c00000|  0%| F|  |TS  0|AC  0|TAMS 0x00000000c4b00000, 0x00000000c4b00000|
|  44|0x00000000c4c00000, 0x00000000c4c00000, 0x00000000c4d00000|  0%| F|  |TS  0|AC  0|TAMS 0x00000000c4c00000, 0x00000000c4c00000|
|  45|0x00000000c4d00000, 0x00000000c4d00000, 0x00000000c4e00000|  0%| F|  |TS  0|AC  0|TAMS 0x00000000c4d00000, 0x00000000c4d00000|
|  46|0x00000000c4e00000, 0x00000000c4e00000, 0x00000000c4f00000|  0%| F|  |TS  0|AC  0|TAMS 0x00000000c4e00000, 0x00000000c4e00000|
|  47|0x00000000c4f00000, 0x00000000c4f00000, 0x00000000c5000000|  0%| F|  |TS  0|AC  0|TAMS 0x00000000c4f00000, 0x00000000c4f00000|
|  48|0x00000000c5000000, 0x00000000c5000000, 0x00000000c5100000|  0%| F|  |TS  0|AC  0|TAMS 0x00000000c5000000, 0x00000000c5000000|
|  49|0x00000000c5100000, 0x00000000c5100000, 0x00000000c5200000|  0%| F|  |TS  0|AC  0|TAMS 0x00000000c5100000, 0x00000000c5100000|
|  50|0x00000000c5200000, 0x00000000c5200000, 0x00000000c5300000|  0%| F|  |TS  0|AC  0|TAMS 0x00000000c5200000, 0x00000000c5200000|
|  51|0x00000000c5300000, 0x00000000c5300000, 0x00000000c5400000|  0%| F|  |TS  0|AC  0|TAMS 0x00000000c5300000, 0x00000000c5300000|
|  52|0x00000000c5400000, 0x00000000c5400000, 0x00000000c5500000|  0%| F|  |TS  0|AC  0|TAMS 0x00000000c5400000, 0x00000000c5400000|
|  53|0x00000000c5500000, 0x00000000c5500000, 0x00000000c5600000|  0%| F|  |TS  0|AC  0|TAMS 0x00000000c5500000, 0x00000000c5500000|
|  54|0x00000000c5600000, 0x00000000c5600000, 0x00000000c5700000|  0%| F|  |TS  0|AC  0|TAMS 0x00000000c5600000, 0x00000000c5600000|
|  55|0x00000000c5700000, 0x00000000c57245e0, 0x00000000c5800000| 14%| E|  |TS  0|AC  0|TAMS 0x00000000c5700000, 0x00000000c5700000|
|  56|0x00000000c5800000, 0x00000000c5900000, 0x00000000c5900000|100%| E|CS|TS  0|AC  0|TAMS 0x00000000c5800000, 0x00000000c5800000|
|  57|0x00000000c5900000, 0x00000000c5a00000, 0x00000000c5a00000|100%| E|CS|TS  0|AC  0|TAMS 0x00000000c5900000, 0x00000000c5900000|
|  58|0x00000000c5a00000, 0x00000000c5b00000, 0x00000000c5b00000|100%| E|CS|TS  0|AC  0|TAMS 0x00000000c5a00000, 0x00000000c5a00000|
|  59|0x00000000c5b00000, 0x00000000c5c00000, 0x00000000c5c00000|100%| E|CS|TS  0|AC  0|TAMS 0x00000000c5b00000, 0x00000000c5b00000|
|  60|0x00000000c5c00000, 0x00000000c5d00000, 0x00000000c5d00000|100%| E|CS|TS  0|AC  0|TAMS 0x00000000c5c00000, 0x00000000c5c00000|
|  61|0x00000000c5d00000, 0x00000000c5e00000, 0x00000000c5e00000|100%| E|CS|TS  0|AC  0|TAMS 0x00000000c5d00000, 0x00000000c5d00000|

Card table byte_map: [0x000000001d190000,0x000000001d380000] byte_map_base: 0x000000001cb80000

Marking Bits (Prev, Next): (CMBitMap*) 0x00000000003adfd0, (CMBitMap*) 0x00000000003ae008
 Prev Bits: [0x000000001d570000, 0x000000001e4f0000)
 Next Bits: [0x000000001e4f0000, 0x000000001f470000)

Polling page: 0x00000000000f0000

CodeHeap 'non-profiled nmethods': size=120064Kb used=200Kb max_used=200Kb free=119863Kb
 bounds [0x00000000153e0000, 0x0000000015650000, 0x000000001c920000]
CodeHeap 'profiled nmethods': size=120000Kb used=1014Kb max_used=1014Kb free=118985Kb
 bounds [0x000000000deb0000, 0x000000000e120000, 0x00000000153e0000]
CodeHeap 'non-nmethods': size=5696Kb used=1039Kb max_used=1050Kb free=4656Kb
 bounds [0x000000000d920000, 0x000000000db90000, 0x000000000deb0000]
 total_blobs=1123 nmethods=618 adapters=266
 compilation: enabled

Compilation events (10 events):
Event: 0.924 Thread 0x00000000227ce800  614       3       java.util.regex.Pattern$BmpCharProperty::match (55 bytes)
Event: 0.924 Thread 0x00000000227ce800 nmethod 614 0x000000000dfac210 code [0x000000000dfac400, 0x000000000dfac8c8]
Event: 0.924 Thread 0x00000000227ce800  615       3       java.util.regex.Pattern$$Lambda$8/1033490990::is (9 bytes)
Event: 0.924 Thread 0x00000000227ce800 nmethod 615 0x000000000dfaca10 code [0x000000000dfacbc0, 0x000000000dfacdd0]
Event: 0.924 Thread 0x00000000227ce800  616       3       java.util.regex.Pattern::lambda$Single$8 (11 bytes)
Event: 0.924 Thread 0x00000000227ce800 nmethod 616 0x000000000dface90 code [0x000000000dfad040, 0x000000000dfad1d0]
Event: 0.934 Thread 0x00000000227cb800  617       4       java.lang.CharacterDataLatin1::digit (91 bytes)
Event: 0.934 Thread 0x00000000227ce800  618       3       java.util.regex.Pattern$Branch::match (66 bytes)
Event: 0.934 Thread 0x00000000227ce800 nmethod 618 0x000000000dfad290 code [0x000000000dfad480, 0x000000000dfad958]
Event: 0.935 Thread 0x00000000227cb800 nmethod 617 0x0000000015411e90 code [0x0000000015412020, 0x0000000015412118]

GC Heap History (0 events):
No events

Deoptimization events (5 events):
Event: 0.255 Thread 0x000000000035b000 Uncommon trap: reason=unstable_if action=reinterpret pc=0x00000000153e89b0 method=java.util.HashMap.putVal(ILjava/lang/Object;Ljava/lang/Object;ZZ)Ljava/lang/Object; @ 69 c2
Event: 0.266 Thread 0x000000000035b000 Uncommon trap: reason=unstable_if action=reinterpret pc=0x00000000153e3d88 method=java.lang.String.hashCode()I @ 14 c2
Event: 0.479 Thread 0x000000000035b000 Uncommon trap: reason=unstable_if action=reinterpret pc=0x00000000153ea428 method=java.lang.String.equals(Ljava/lang/Object;)Z @ 27 c2
Event: 0.884 Thread 0x000000000035b000 Uncommon trap: reason=unstable_if action=reinterpret pc=0x00000000153f8b84 method=java.lang.String.startsWith(Ljava/lang/String;I)Z @ 1 c2
Event: 0.901 Thread 0x000000000035b000 Uncommon trap: reason=unstable_fused_if action=reinterpret pc=0x00000000153ed040 method=java.util.HashMap.resize()[Ljava/util/HashMap$Node; @ 31 c2

Classes redefined (0 events):
No events

Internal exceptions (1 events):
Event: 0.677 Thread 0x000000000035b000 Exception <a 'java/lang/NoClassDefFoundError'{0x00000000c59ca188}: org/apache/log4j/Priority> (0x00000000c59ca188) thrown at [t:/workspace/open/src/hotspot/share/classfile/systemDictionary.cpp, line 222]

Events (10 events):
Event: 0.918 loading class java/util/regex/MatchResult done
Event: 0.918 loading class java/util/regex/Matcher done
Event: 0.918 loading class java/util/regex/IntHashSet
Event: 0.918 loading class java/util/regex/IntHashSet done
Event: 0.922 loading class java/util/ArrayList$SubList
Event: 0.923 loading class java/util/ArrayList$SubList done
Event: 0.923 loading class java/util/ArrayList$SubList$1
Event: 0.923 loading class java/util/ArrayList$SubList$1 done
Event: 0.934 loading class java/security/spec/ECFieldF2m
Event: 0.935 loading class java/security/spec/ECFieldF2m done


Dynamic libraries:
0x000000013f4a0000 - 0x000000013f4de000 	C:\Program Files\Java\jdk-10.0.2\bin\java.exe
0x00000000775c0000 - 0x000000007775f000 	C:\Windows\SYSTEM32\ntdll.dll
0x00000000774a0000 - 0x00000000775bf000 	C:\Windows\system32\kernel32.dll
0x000007fefd200000 - 0x000007fefd26a000 	C:\Windows\system32\KERNELBASE.dll
0x000007fefdeb0000 - 0x000007fefdf8b000 	C:\Windows\system32\ADVAPI32.dll
0x000007fefd620000 - 0x000007fefd6bf000 	C:\Windows\system32\msvcrt.dll
0x000007feff690000 - 0x000007feff6af000 	C:\Windows\SYSTEM32\sechost.dll
0x000007fefe050000 - 0x000007fefe17d000 	C:\Windows\system32\RPCRT4.dll
0x00000000773a0000 - 0x000000007749a000 	C:\Windows\system32\USER32.dll
0x000007fefd5b0000 - 0x000007fefd617000 	C:\Windows\system32\GDI32.dll
0x000007fefd710000 - 0x000007fefd71e000 	C:\Windows\system32\LPK.dll
0x000007feff330000 - 0x000007feff3fb000 	C:\Windows\system32\USP10.dll
0x000007fefbb40000 - 0x000007fefbd34000 	C:\Windows\WinSxS\amd64_microsoft.windows.common-controls_6595b64144ccf1df_6.0.7601.18837_none_fa3b1e3d17594757\COMCTL32.dll
0x000007feff400000 - 0x000007feff471000 	C:\Windows\system32\SHLWAPI.dll
0x000007fefc1d0000 - 0x000007fefc1dc000 	C:\Windows\system32\VERSION.dll
0x000007feff660000 - 0x000007feff68e000 	C:\Windows\system32\IMM32.DLL
0x000007fefe310000 - 0x000007fefe419000 	C:\Windows\system32\MSCTF.dll
0x000007feeea50000 - 0x000007feeeb3f000 	C:\Program Files\Java\jdk-10.0.2\bin\msvcr120.dll
0x000007fef1eb0000 - 0x000007fef1f56000 	C:\Program Files\Java\jdk-10.0.2\bin\msvcp120.dll
0x00000000522a0000 - 0x0000000052d10000 	C:\Program Files\Java\jdk-10.0.2\bin\server\jvm.dll
0x000007fef3110000 - 0x000007fef3119000 	C:\Windows\system32\WSOCK32.dll
0x000007fefd6c0000 - 0x000007fefd70d000 	C:\Windows\system32\WS2_32.dll
0x000007fefd720000 - 0x000007fefd728000 	C:\Windows\system32\NSI.dll
0x000007fef9cd0000 - 0x000007fef9d0b000 	C:\Windows\system32\WINMM.dll
0x0000000077760000 - 0x0000000077767000 	C:\Windows\system32\PSAPI.DLL
0x000007fefbb20000 - 0x000007fefbb2f000 	C:\Program Files\Java\jdk-10.0.2\bin\verify.dll
0x000007fef2e10000 - 0x000007fef2f35000 	C:\Windows\system32\DBGHELP.DLL
0x000007fef3ed0000 - 0x000007fef3ef7000 	C:\Program Files\Java\jdk-10.0.2\bin\java.dll
0x000007fef2c20000 - 0x000007fef2c4a000 	C:\Program Files\Java\jdk-10.0.2\bin\instrument.dll
0x000007fef7770000 - 0x000007fef7786000 	C:\Program Files\Java\jdk-10.0.2\bin\zip.dll
0x000007fefaf10000 - 0x000007fefaf1a000 	C:\Program Files\Java\jdk-10.0.2\bin\jimage.dll
0x000007fefe4c0000 - 0x000007feff24a000 	C:\Windows\system32\SHELL32.dll
0x000007feff6b0000 - 0x000007feff8af000 	C:\Windows\system32\ole32.dll
0x000007fefd120000 - 0x000007fefd12f000 	C:\Windows\system32\profapi.dll
0x000007fef7700000 - 0x000007fef771a000 	C:\Program Files\Java\jdk-10.0.2\bin\net.dll
0x000007fef71c0000 - 0x000007fef7231000 	C:\Windows\system32\WINHTTP.dll
0x000007fef7150000 - 0x000007fef71b5000 	C:\Windows\system32\webio.dll
0x000007fefc8a0000 - 0x000007fefc8f5000 	C:\Windows\system32\mswsock.dll
0x000007fefc890000 - 0x000007fefc897000 	C:\Windows\System32\wship6.dll
0x000007fef2cb0000 - 0x000007fef2cc1000 	C:\Program Files\Java\jdk-10.0.2\bin\nio.dll
0x000007fef2bc0000 - 0x000007fef2bda000 	C:\Program Files\JetBrains\IntelliJ IDEA Community Edition 2018.2.5\bin\breakgen64.dll
0x000007fef6870000 - 0x000007fef687b000 	C:\Program Files\Java\jdk-10.0.2\bin\sunmscapi.dll
0x000007fefd2b0000 - 0x000007fefd41d000 	C:\Windows\system32\CRYPT32.dll
0x000007fefd110000 - 0x000007fefd11f000 	C:\Windows\system32\MSASN1.dll
0x000007fef2590000 - 0x000007fef25b3000 	C:\Program Files\Java\jdk-10.0.2\bin\sunec.dll

dbghelp: loaded successfully - version: 4.0.5 - missing functions: none
symbol engine: initialized successfully - sym options: 0x614 - pdb path: .;C:\Program Files\Java\jdk-10.0.2\bin;C:\Windows\SYSTEM32;C:\Windows\WinSxS\amd64_microsoft.windows.common-controls_6595b64144ccf1df_6.0.7601.18837_none_fa3b1e3d17594757;C:\Program Files\Java\jdk-10.0.2\bin\server;C:\Program Files\JetBrains\IntelliJ IDEA Community Edition 2018.2.5\bin

VM Arguments:
jvm_args: -javaagent:C:\Program Files\JetBrains\IntelliJ IDEA Community Edition 2018.2.5\lib\idea_rt.jar=55056:C:\Program Files\JetBrains\IntelliJ IDEA Community Edition 2018.2.5\bin -Dfile.encoding=UTF-8 
java_command: ua.edu.sumdu.ta.yarmolenko.pr8_2.tests.RestTest
java_class_path (initial): D:\nc_practices\Practice_8.2\projectHttpClient\target\test-classes;D:\nc_practices\Practice_8.2\projectHttpClient\target\classes;C:\Users\Сергей\.m2\repository\junit\junit\4.10\junit-4.10.jar;C:\Users\Сергей\.m2\repository\org\hamcrest\hamcrest-core\1.1\hamcrest-core-1.1.jar;C:\Users\Сергей\.m2\repository\org\apache\httpcomponents\httpclient\4.5.6\httpclient-4.5.6.jar;C:\Users\Сергей\.m2\repository\org\apache\httpcomponents\httpcore\4.4.10\httpcore-4.4.10.jar;C:\Users\Сергей\.m2\repository\commons-logging\commons-logging\1.2\commons-logging-1.2.jar;C:\Users\Сергей\.m2\repository\commons-codec\commons-codec\1.10\commons-codec-1.10.jar;C:\Users\Сергей\.m2\repository\com\jayway\jsonpath\json-path\2.3.0\json-path-2.3.0.jar;C:\Users\Сергей\.m2\repository\net\minidev\json-smart\2.3\json-smart-2.3.jar;C:\Users\Сергей\.m2\repository\net\minidev\accessors-smart\1.2\accessors-smart-1.2.jar;C:\Users\Сергей\.m2\repository\org\ow2\asm\asm\5.0.4\asm-5.0.4.jar;C:\Users\Сергей\.m2\repository\org\slf4j\slf4j-api\1.7.25\slf4j-api-1.7.25.jar
Launcher Type: SUN_STANDARD

Logging:
Log output configuration:
#0: stdout all=warning uptime,level,tags
#1: stderr all=off uptime,level,tags

Environment Variables:
JAVA_HOME=C:\Program Files\Java\jdk-10.0.2
CLASSPATH=.;
PATH=C:\Program Files\Java\jdk-10.0.2\\bin;C:\WINDOWS\system32;C:\Program Files\maven\\bin;C:\Users\Сергей\AppData\Roaming\npm
USERNAME=Сергей
OS=Windows_NT
PROCESSOR_IDENTIFIER=Intel64 Family 6 Model 23 Stepping 10, GenuineIntel



---------------  S Y S T E M  ---------------

OS: Windows 7 , 64 bit Build 7601 (6.1.7601.24291)

CPU:total 2 (initial active 2) (2 cores per cpu, 1 threads per core) family 6 model 23 stepping 10, cmov, cx8, fxsr, mmx, sse, sse2, sse3, ssse3, tsc

Memory: 4k page, physical 4060660k(318712k free), swap 8393792k(1358972k free)

vm_info: Java HotSpot(TM) 64-Bit Server VM (10.0.2+13) for windows-amd64 JRE (10.0.2+13), built on Jun 28 2018 01:57:56 by "mach5one" with MS VC++ 12.0 (VS2013)

END.
